2026-04-23 20:41:05,664 - INFO - Pipeline started
2026-04-23 20:41:05,665 - INFO - Extracting data...
2026-04-23 20:41:05,683 - ERROR - Pipeline failed: [Errno 2] No such file or directory: 'data/raw/superstore.csv'
2026-04-23 20:42:24,529 - INFO - Pipeline started
2026-04-23 20:42:24,530 - INFO - Extracting data...
2026-04-23 20:42:24,530 - ERROR - Pipeline failed: [Errno 2] No such file or directory: 'data-pipeline-project/data/raw/Sample - Superstore.csv'
2026-04-23 20:43:49,633 - INFO - Pipeline started
2026-04-23 20:43:49,633 - INFO - Extracting data...
2026-04-23 20:43:49,652 - ERROR - Pipeline failed: 'utf-8' codec can't decode byte 0xa0 in position 2944: invalid start byte
2026-04-23 20:44:37,375 - INFO - Pipeline started
2026-04-23 20:44:37,392 - INFO - Extracting data...
2026-04-23 20:44:37,394 - ERROR - Pipeline failed: 'utf-8' codec can't decode byte 0xa0 in position 2944: invalid start byte
2026-04-23 20:47:57,778 - INFO - Pipeline started
2026-04-23 20:47:57,779 - INFO - Extracting data...
2026-04-23 20:47:59,309 - INFO - Detected encoding: ISO-8859-1
2026-04-23 20:47:59,423 - INFO - Data shape: (9994, 21)
2026-04-23 20:47:59,424 - INFO - Columns: ['Row ID', 'Order ID', 'Order Date', 'Ship Date', 'Ship Mode', 'Customer ID', 'Customer Name', 'Segment', 'Country', 'City', 'State', 'Postal Code', 'Region', 'Product ID', 'Category', 'Sub-Category', 'Product Name', 'Sales', 'Quantity', 'Discount', 'Profit']
2026-04-23 20:47:59,424 - INFO - Validating data...
2026-04-23 20:47:59,457 - INFO - Transforming data...
2026-04-23 20:47:59,585 - INFO - Pipeline finished successfully
2026-04-23 20:52:19,325 - INFO - Pipeline started
2026-04-23 20:52:19,325 - INFO - Extracting data...
2026-04-23 20:52:19,464 - INFO - Detected encoding: ISO-8859-1
2026-04-23 20:52:19,556 - INFO - Data shape: (9994, 21)
2026-04-23 20:52:19,557 - INFO - Columns: ['Row ID', 'Order ID', 'Order Date', 'Ship Date', 'Ship Mode', 'Customer ID', 'Customer Name', 'Segment', 'Country', 'City', 'State', 'Postal Code', 'Region', 'Product ID', 'Category', 'Sub-Category', 'Product Name', 'Sales', 'Quantity', 'Discount', 'Profit']
2026-04-23 20:52:19,557 - INFO - Validating data...
2026-04-23 20:52:19,573 - INFO - Transforming data...
2026-04-23 20:52:19,689 - INFO - Pipeline finished successfully
2026-04-23 21:20:48,667 - INFO - Pipeline started
2026-04-23 21:20:48,668 - INFO - Extracting data...
2026-04-23 21:20:48,859 - INFO - Detected encoding: ISO-8859-1
2026-04-23 21:20:48,947 - INFO - Data shape: (9994, 21)
2026-04-23 21:20:48,947 - INFO - Columns: ['Row ID', 'Order ID', 'Order Date', 'Ship Date', 'Ship Mode', 'Customer ID', 'Customer Name', 'Segment', 'Country', 'City', 'State', 'Postal Code', 'Region', 'Product ID', 'Category', 'Sub-Category', 'Product Name', 'Sales', 'Quantity', 'Discount', 'Profit']
2026-04-23 21:20:48,947 - INFO - Validating data...
2026-04-23 21:20:48,962 - INFO - Transforming data...
2026-04-23 21:20:49,089 - INFO - Loading to database...
2026-04-23 21:20:49,555 - ERROR - Pipeline failed: (psycopg2.OperationalError) connection to server at "localhost" (::1), port 5432 failed: FATAL:  password authentication failed for user "user"

(Background on this error at: https://sqlalche.me/e/20/e3q8)
2026-04-23 21:21:32,686 - INFO - Pipeline started
2026-04-23 21:21:32,686 - INFO - Extracting data...
2026-04-23 21:21:32,825 - INFO - Detected encoding: ISO-8859-1
2026-04-23 21:21:32,913 - INFO - Data shape: (9994, 21)
2026-04-23 21:21:32,913 - INFO - Columns: ['Row ID', 'Order ID', 'Order Date', 'Ship Date', 'Ship Mode', 'Customer ID', 'Customer Name', 'Segment', 'Country', 'City', 'State', 'Postal Code', 'Region', 'Product ID', 'Category', 'Sub-Category', 'Product Name', 'Sales', 'Quantity', 'Discount', 'Profit']
2026-04-23 21:21:32,913 - INFO - Validating data...
2026-04-23 21:21:32,928 - INFO - Transforming data...
2026-04-23 21:21:33,036 - INFO - Loading to database...
2026-04-23 21:21:33,133 - ERROR - Pipeline failed: (psycopg2.OperationalError) could not translate host name "Goodthen1406@localhost" to address: Non-recoverable failure in name resolution

(Background on this error at: https://sqlalche.me/e/20/e3q8)
2026-04-23 21:23:13,850 - INFO - Pipeline started
2026-04-23 21:23:13,851 - INFO - Extracting data...
2026-04-23 21:23:13,992 - INFO - Detected encoding: ISO-8859-1
2026-04-23 21:23:14,086 - INFO - Data shape: (9994, 21)
2026-04-23 21:23:14,086 - INFO - Columns: ['Row ID', 'Order ID', 'Order Date', 'Ship Date', 'Ship Mode', 'Customer ID', 'Customer Name', 'Segment', 'Country', 'City', 'State', 'Postal Code', 'Region', 'Product ID', 'Category', 'Sub-Category', 'Product Name', 'Sales', 'Quantity', 'Discount', 'Profit']
2026-04-23 21:23:14,086 - INFO - Validating data...
2026-04-23 21:23:14,102 - INFO - Transforming data...
2026-04-23 21:23:14,211 - INFO - Loading to database...
2026-04-23 21:23:14,276 - ERROR - Pipeline failed: (psycopg2.OperationalError) could not translate host name "Goodthen1406@localhost" to address: Non-recoverable failure in name resolution

(Background on this error at: https://sqlalche.me/e/20/e3q8)
2026-04-23 21:25:28,354 - INFO - Pipeline started
2026-04-23 21:25:28,354 - INFO - Extracting data...
2026-04-23 21:25:28,500 - INFO - Detected encoding: ISO-8859-1
2026-04-23 21:25:28,600 - INFO - Data shape: (9994, 21)
2026-04-23 21:25:28,601 - INFO - Columns: ['Row ID', 'Order ID', 'Order Date', 'Ship Date', 'Ship Mode', 'Customer ID', 'Customer Name', 'Segment', 'Country', 'City', 'State', 'Postal Code', 'Region', 'Product ID', 'Category', 'Sub-Category', 'Product Name', 'Sales', 'Quantity', 'Discount', 'Profit']
2026-04-23 21:25:28,601 - INFO - Validating data...
2026-04-23 21:25:28,618 - INFO - Transforming data...
2026-04-23 21:25:28,736 - INFO - Loading to database...
2026-04-23 21:25:30,076 - INFO - Data loaded successfully
2026-04-23 21:25:30,076 - INFO - Pipeline finished successfully
2026-04-26 10:36:12,385 - INFO - Pipeline started
2026-04-26 10:36:12,385 - INFO - Extracting data...
2026-04-26 10:36:12,801 - INFO - Detected encoding: ISO-8859-1
2026-04-26 10:36:13,006 - INFO - Data shape: (9994, 21)
2026-04-26 10:36:13,007 - INFO - Columns: ['Row ID', 'Order ID', 'Order Date', 'Ship Date', 'Ship Mode', 'Customer ID', 'Customer Name', 'Segment', 'Country', 'City', 'State', 'Postal Code', 'Region', 'Product ID', 'Category', 'Sub-Category', 'Product Name', 'Sales', 'Quantity', 'Discount', 'Profit']
2026-04-26 10:36:13,007 - INFO - Validating data...
2026-04-26 10:36:13,049 - INFO - Transforming data...
2026-04-26 10:36:13,228 - INFO - Loading to database...
2026-04-26 10:36:15,425 - INFO - Data loaded successfully
2026-04-26 10:36:15,425 - INFO - Pipeline finished successfully
